{"E:\\labores\\csti\\culqi-test\\src\\validationUtils.ts": {"path":"E:\\labores\\csti\\culqi-test\\src\\validationUtils.ts","statementMap":{"0":{"start":{"line":2,"column":19},"end":{"line":2,"column":51}},"1":{"start":{"line":4,"column":14},"end":{"line":4,"column":15}},"2":{"start":{"line":5,"column":20},"end":{"line":5,"column":25}},"3":{"start":{"line":7,"column":4},"end":{"line":19,"column":5}},"4":{"start":{"line":7,"column":17},"end":{"line":7,"column":34}},"5":{"start":{"line":8,"column":27},"end":{"line":8,"column":36}},"6":{"start":{"line":10,"column":8},"end":{"line":15,"column":9}},"7":{"start":{"line":11,"column":12},"end":{"line":11,"column":30}},"8":{"start":{"line":12,"column":12},"end":{"line":14,"column":13}},"9":{"start":{"line":13,"column":16},"end":{"line":13,"column":34}},"10":{"start":{"line":17,"column":8},"end":{"line":17,"column":28}},"11":{"start":{"line":18,"column":8},"end":{"line":18,"column":31}},"12":{"start":{"line":21,"column":4},"end":{"line":21,"column":26}},"13":{"start":{"line":1,"column":0},"end":{"line":1,"column":16}},"14":{"start":{"line":25,"column":28},"end":{"line":25,"column":57}},"15":{"start":{"line":27,"column":4},"end":{"line":35,"column":5}},"16":{"start":{"line":28,"column":8},"end":{"line":28,"column":22}},"17":{"start":{"line":29,"column":11},"end":{"line":35,"column":5}},"18":{"start":{"line":30,"column":8},"end":{"line":30,"column":28}},"19":{"start":{"line":31,"column":11},"end":{"line":35,"column":5}},"20":{"start":{"line":32,"column":8},"end":{"line":32,"column":22}},"21":{"start":{"line":34,"column":8},"end":{"line":34,"column":18}},"22":{"start":{"line":24,"column":0},"end":{"line":24,"column":16}},"23":{"start":{"line":39,"column":4},"end":{"line":43,"column":5}},"24":{"start":{"line":40,"column":8},"end":{"line":40,"column":38}},"25":{"start":{"line":42,"column":8},"end":{"line":42,"column":40}},"26":{"start":{"line":38,"column":0},"end":{"line":38,"column":16}},"27":{"start":{"line":47,"column":24},"end":{"line":47,"column":48}},"28":{"start":{"line":48,"column":27},"end":{"line":48,"column":45}},"29":{"start":{"line":49,"column":28},"end":{"line":49,"column":47}},"30":{"start":{"line":51,"column":4},"end":{"line":56,"column":6}},"31":{"start":{"line":46,"column":0},"end":{"line":46,"column":16}},"32":{"start":{"line":60,"column":4},"end":{"line":60,"column":87}},"33":{"start":{"line":59,"column":0},"end":{"line":59,"column":16}},"34":{"start":{"line":64,"column":4},"end":{"line":66,"column":5}},"35":{"start":{"line":65,"column":8},"end":{"line":65,"column":55}},"36":{"start":{"line":68,"column":27},"end":{"line":68,"column":47}},"37":{"start":{"line":70,"column":25},"end":{"line":70,"column":58}},"38":{"start":{"line":72,"column":4},"end":{"line":72,"column":41}},"39":{"start":{"line":63,"column":0},"end":{"line":63,"column":16}}},"fnMap":{"0":{"name":"isLuhnValid","decl":{"start":{"line":1,"column":16},"end":{"line":1,"column":27}},"loc":{"start":{"line":1,"column":46},"end":{"line":22,"column":1}}},"1":{"name":"identifyCardType","decl":{"start":{"line":24,"column":16},"end":{"line":24,"column":32}},"loc":{"start":{"line":24,"column":51},"end":{"line":36,"column":1}}},"2":{"name":"isValidCVV","decl":{"start":{"line":38,"column":16},"end":{"line":38,"column":26}},"loc":{"start":{"line":38,"column":56},"end":{"line":44,"column":1}}},"3":{"name":"isValidExpirationDate","decl":{"start":{"line":46,"column":16},"end":{"line":46,"column":37}},"loc":{"start":{"line":46,"column":65},"end":{"line":57,"column":1}}},"4":{"name":"isValidEmail","decl":{"start":{"line":59,"column":16},"end":{"line":59,"column":28}},"loc":{"start":{"line":59,"column":42},"end":{"line":61,"column":1}}},"5":{"name":"maskCardNumber","decl":{"start":{"line":63,"column":16},"end":{"line":63,"column":30}},"loc":{"start":{"line":63,"column":49},"end":{"line":73,"column":1}}}},"branchMap":{"0":{"loc":{"start":{"line":10,"column":8},"end":{"line":15,"column":9}},"type":"if","locations":[{"start":{"line":10,"column":8},"end":{"line":15,"column":9}}]},"1":{"loc":{"start":{"line":12,"column":12},"end":{"line":14,"column":13}},"type":"if","locations":[{"start":{"line":12,"column":12},"end":{"line":14,"column":13}}]},"2":{"loc":{"start":{"line":27,"column":4},"end":{"line":35,"column":5}},"type":"if","locations":[{"start":{"line":27,"column":4},"end":{"line":35,"column":5}},{"start":{"line":29,"column":11},"end":{"line":35,"column":5}}]},"3":{"loc":{"start":{"line":27,"column":8},"end":{"line":27,"column":102}},"type":"binary-expr","locations":[{"start":{"line":27,"column":8},"end":{"line":27,"column":34}},{"start":{"line":27,"column":39},"end":{"line":27,"column":68}},{"start":{"line":27,"column":72},"end":{"line":27,"column":101}}]},"4":{"loc":{"start":{"line":29,"column":11},"end":{"line":35,"column":5}},"type":"if","locations":[{"start":{"line":29,"column":11},"end":{"line":35,"column":5}},{"start":{"line":31,"column":11},"end":{"line":35,"column":5}}]},"5":{"loc":{"start":{"line":29,"column":15},"end":{"line":29,"column":74}},"type":"binary-expr","locations":[{"start":{"line":29,"column":15},"end":{"line":29,"column":41}},{"start":{"line":29,"column":45},"end":{"line":29,"column":74}}]},"6":{"loc":{"start":{"line":31,"column":11},"end":{"line":35,"column":5}},"type":"if","locations":[{"start":{"line":31,"column":11},"end":{"line":35,"column":5}},{"start":{"line":33,"column":11},"end":{"line":35,"column":5}}]},"7":{"loc":{"start":{"line":31,"column":15},"end":{"line":31,"column":78}},"type":"binary-expr","locations":[{"start":{"line":31,"column":15},"end":{"line":31,"column":45}},{"start":{"line":31,"column":49},"end":{"line":31,"column":78}}]},"8":{"loc":{"start":{"line":39,"column":4},"end":{"line":43,"column":5}},"type":"if","locations":[{"start":{"line":39,"column":4},"end":{"line":43,"column":5}},{"start":{"line":41,"column":11},"end":{"line":43,"column":5}}]},"9":{"loc":{"start":{"line":52,"column":8},"end":{"line":55,"column":29}},"type":"binary-expr","locations":[{"start":{"line":52,"column":8},"end":{"line":52,"column":37}},{"start":{"line":53,"column":8},"end":{"line":53,"column":41}},{"start":{"line":54,"column":8},"end":{"line":54,"column":28}},{"start":{"line":55,"column":8},"end":{"line":55,"column":29}}]},"10":{"loc":{"start":{"line":64,"column":4},"end":{"line":66,"column":5}},"type":"if","locations":[{"start":{"line":64,"column":4},"end":{"line":66,"column":5}}]},"11":{"loc":{"start":{"line":64,"column":8},"end":{"line":64,"column":44}},"type":"binary-expr","locations":[{"start":{"line":64,"column":8},"end":{"line":64,"column":19}},{"start":{"line":64,"column":23},"end":{"line":64,"column":44}}]}},"s":{"0":6,"1":6,"2":6,"3":6,"4":6,"5":96,"6":96,"7":48,"8":48,"9":0,"10":96,"11":96,"12":6,"13":1,"14":5,"15":5,"16":5,"17":0,"18":0,"19":0,"20":0,"21":0,"22":1,"23":5,"24":0,"25":5,"26":1,"27":4,"28":4,"29":4,"30":4,"31":1,"32":3,"33":1,"34":0,"35":0,"36":0,"37":0,"38":0,"39":1},"f":{"0":6,"1":5,"2":5,"3":4,"4":3,"5":0},"b":{"0":[48],"1":[0],"2":[5,0],"3":[5,5,5],"4":[0,0],"5":[0,0],"6":[0,0],"7":[0,0],"8":[0,5],"9":[4,3,3,3],"10":[0],"11":[0,0]}}
,"E:\\labores\\csti\\culqi-test\\src\\services\\cardService.ts": {"path":"E:\\labores\\csti\\culqi-test\\src\\services\\cardService.ts","statementMap":{"0":{"start":{"line":2,"column":0},"end":{"line":2,"column":52}},"1":{"start":{"line":8,"column":12},"end":{"line":8,"column":52}},"2":{"start":{"line":11,"column":8},"end":{"line":16,"column":9}},"3":{"start":{"line":12,"column":12},"end":{"line":12,"column":45}},"4":{"start":{"line":13,"column":12},"end":{"line":13,"column":44}},"5":{"start":{"line":15,"column":12},"end":{"line":15,"column":60}},"6":{"start":{"line":20,"column":8},"end":{"line":25,"column":9}},"7":{"start":{"line":21,"column":27},"end":{"line":21,"column":47}},"8":{"start":{"line":22,"column":12},"end":{"line":22,"column":54}},"9":{"start":{"line":24,"column":12},"end":{"line":24,"column":64}},"10":{"start":{"line":7,"column":0},"end":{"line":7,"column":13}}},"fnMap":{"0":{"name":"(anonymous_7)","decl":{"start":{"line":7,"column":0},"end":{"line":7,"column":13}},"loc":{"start":{"line":7,"column":0},"end":{"line":27,"column":1}}},"1":{"name":"(anonymous_8)","decl":{"start":{"line":10,"column":17},"end":{"line":10,"column":30}},"loc":{"start":{"line":10,"column":59},"end":{"line":17,"column":null}}},"2":{"name":"(anonymous_10)","decl":{"start":{"line":19,"column":17},"end":{"line":19,"column":28}},"loc":{"start":{"line":19,"column":42},"end":{"line":26,"column":null}}}},"branchMap":{"0":{"loc":{"start":{"line":22,"column":19},"end":{"line":22,"column":53}},"type":"cond-expr","locations":[{"start":{"line":22,"column":28},"end":{"line":22,"column":46}},{"start":{"line":22,"column":49},"end":{"line":22,"column":53}}]}},"s":{"0":1,"1":5,"2":2,"3":2,"4":1,"5":1,"6":3,"7":3,"8":2,"9":1,"10":1},"f":{"0":5,"1":2,"2":3},"b":{"0":[1,1]}}
,"E:\\labores\\csti\\culqi-test\\src\\services\\tokenService.ts": {"path":"E:\\labores\\csti\\culqi-test\\src\\services\\tokenService.ts","statementMap":{"0":{"start":{"line":1,"column":0},"end":{"line":1,"column":64}},"1":{"start":{"line":2,"column":0},"end":{"line":2,"column":115}},"2":{"start":{"line":5,"column":12},"end":{"line":5,"column":59}},"3":{"start":{"line":8,"column":8},"end":{"line":10,"column":9}},"4":{"start":{"line":9,"column":12},"end":{"line":9,"column":51}},"5":{"start":{"line":12,"column":25},"end":{"line":12,"column":59}},"6":{"start":{"line":14,"column":8},"end":{"line":16,"column":9}},"7":{"start":{"line":15,"column":12},"end":{"line":15,"column":43}},"8":{"start":{"line":18,"column":8},"end":{"line":20,"column":9}},"9":{"start":{"line":19,"column":12},"end":{"line":19,"column":55}},"10":{"start":{"line":22,"column":8},"end":{"line":24,"column":9}},"11":{"start":{"line":23,"column":12},"end":{"line":23,"column":45}},"12":{"start":{"line":27,"column":8},"end":{"line":27,"column":67}},"13":{"start":{"line":31,"column":8},"end":{"line":38,"column":9}},"14":{"start":{"line":32,"column":12},"end":{"line":32,"column":53}},"15":{"start":{"line":34,"column":12},"end":{"line":36,"column":13}},"16":{"start":{"line":35,"column":16},"end":{"line":35,"column":49}},"17":{"start":{"line":37,"column":12},"end":{"line":37,"column":45}},"18":{"start":{"line":4,"column":0},"end":{"line":4,"column":13}}},"fnMap":{"0":{"name":"(anonymous_6)","decl":{"start":{"line":4,"column":0},"end":{"line":4,"column":13}},"loc":{"start":{"line":4,"column":0},"end":{"line":40,"column":1}}},"1":{"name":"(anonymous_7)","decl":{"start":{"line":7,"column":11},"end":{"line":7,"column":22}},"loc":{"start":{"line":7,"column":32},"end":{"line":28,"column":5}}},"2":{"name":"(anonymous_8)","decl":{"start":{"line":30,"column":11},"end":{"line":30,"column":22}},"loc":{"start":{"line":30,"column":36},"end":{"line":39,"column":5}}}},"branchMap":{"0":{"loc":{"start":{"line":8,"column":8},"end":{"line":10,"column":9}},"type":"if","locations":[{"start":{"line":8,"column":8},"end":{"line":10,"column":9}}]},"1":{"loc":{"start":{"line":14,"column":8},"end":{"line":16,"column":9}},"type":"if","locations":[{"start":{"line":14,"column":8},"end":{"line":16,"column":9}}]},"2":{"loc":{"start":{"line":18,"column":8},"end":{"line":20,"column":9}},"type":"if","locations":[{"start":{"line":18,"column":8},"end":{"line":20,"column":9}}]},"3":{"loc":{"start":{"line":22,"column":8},"end":{"line":24,"column":9}},"type":"if","locations":[{"start":{"line":22,"column":8},"end":{"line":24,"column":9}}]},"4":{"loc":{"start":{"line":34,"column":12},"end":{"line":36,"column":13}},"type":"if","locations":[{"start":{"line":34,"column":12},"end":{"line":36,"column":13}}]}},"s":{"0":1,"1":1,"2":8,"3":6,"4":1,"5":5,"6":5,"7":1,"8":4,"9":1,"10":3,"11":1,"12":2,"13":3,"14":3,"15":2,"16":1,"17":1,"18":1},"f":{"0":8,"1":6,"2":3},"b":{"0":[1],"1":[1],"2":[1],"3":[1],"4":[1]}}
}
