TN:
SF:src\validationUtils.ts
FN:1,isLuhnValid
FN:24,identifyCardType
FN:38,isValidCVV
FN:46,isValidExpirationDate
FN:59,isValidEmail
FN:63,maskCardNumber
FNF:6
FNH:5
FNDA:6,isLuhnValid
FNDA:5,identifyCardType
FNDA:5,isValidCVV
FNDA:4,isValidExpirationDate
FNDA:3,isValidEmail
FNDA:0,maskCardNumber
DA:1,1
DA:2,6
DA:4,6
DA:5,6
DA:7,6
DA:8,96
DA:10,96
DA:11,48
DA:12,48
DA:13,0
DA:17,96
DA:18,96
DA:21,6
DA:24,1
DA:25,5
DA:27,5
DA:28,5
DA:29,0
DA:30,0
DA:31,0
DA:32,0
DA:34,0
DA:38,1
DA:39,5
DA:40,0
DA:42,5
DA:46,1
DA:47,4
DA:48,4
DA:49,4
DA:51,4
DA:59,1
DA:60,3
DA:63,1
DA:64,0
DA:65,0
DA:68,0
DA:70,0
DA:72,0
LF:39
LH:27
BRDA:10,0,0,48
BRDA:12,1,0,0
BRDA:27,2,0,5
BRDA:27,2,1,0
BRDA:27,3,0,5
BRDA:27,3,1,5
BRDA:27,3,2,5
BRDA:29,4,0,0
BRDA:29,4,1,0
BRDA:29,5,0,0
BRDA:29,5,1,0
BRDA:31,6,0,0
BRDA:31,6,1,0
BRDA:31,7,0,0
BRDA:31,7,1,0
BRDA:39,8,0,0
BRDA:39,8,1,5
BRDA:52,9,0,4
BRDA:52,9,1,3
BRDA:52,9,2,3
BRDA:52,9,3,3
BRDA:64,10,0,0
BRDA:64,11,0,0
BRDA:64,11,1,0
BRF:24
BRH:10
end_of_record
TN:
SF:src\services\cardService.ts
FN:7,(anonymous_7)
FN:10,(anonymous_8)
FN:19,(anonymous_10)
FNF:3
FNH:3
FNDA:5,(anonymous_7)
FNDA:2,(anonymous_8)
FNDA:3,(anonymous_10)
DA:2,1
DA:7,1
DA:8,5
DA:11,2
DA:12,2
DA:13,1
DA:15,1
DA:20,3
DA:21,3
DA:22,2
DA:24,1
LF:11
LH:11
BRDA:22,0,0,1
BRDA:22,0,1,1
BRF:2
BRH:2
end_of_record
TN:
SF:src\services\tokenService.ts
FN:4,(anonymous_6)
FN:7,(anonymous_7)
FN:30,(anonymous_8)
FNF:3
FNH:3
FNDA:8,(anonymous_6)
FNDA:6,(anonymous_7)
FNDA:3,(anonymous_8)
DA:1,1
DA:2,1
DA:4,1
DA:5,8
DA:8,6
DA:9,1
DA:12,5
DA:14,5
DA:15,1
DA:18,4
DA:19,1
DA:22,3
DA:23,1
DA:27,2
DA:31,3
DA:32,3
DA:34,2
DA:35,1
DA:37,1
LF:19
LH:19
BRDA:8,0,0,1
BRDA:14,1,0,1
BRDA:18,2,0,1
BRDA:22,3,0,1
BRDA:34,4,0,1
BRF:5
BRH:5
end_of_record
